<?xml version="1.0" encoding="UTF-8"?>
<!-- Generated by org.testng.reporters.JUnitReportReporter -->
<testsuite hostname="Narendra-PC" name="com.cucumber.testng.examples.RunCukesByCompositionGrp1_Test2" tests="1" failures="0" timestamp="10 Jun 2017 17:28:45 GMT" time="0.628" errors="0">
  <testcase name="runCukes" time="0.628" classname="com.cucumber.testng.examples.RunCukesByCompositionGrp1_Test2"/>
</testsuite> <!-- com.cucumber.testng.examples.RunCukesByCompositionGrp1_Test2 -->
