<?xml version="1.0" encoding="UTF-8"?>
<!-- Generated by org.testng.reporters.JUnitReportReporter -->
<testsuite skipped="0" hostname="Narendra-PC" name="com.cucumber.testng.examples.RunCukesByFeatureAndCompositionTest1" tests="1" failures="0" timestamp="08 Apr 2018 02:28:41 GMT" time="0.237" errors="0">
  <testcase name="feature" time="0.237" classname="com.cucumber.testng.examples.RunCukesByFeatureAndCompositionTest1"/>
</testsuite> <!-- com.cucumber.testng.examples.RunCukesByFeatureAndCompositionTest1 -->
